<?xml version="1.0" encoding="UTF-8"?>
<!-- Generated by org.testng.reporters.JUnitReportReporter -->
<testsuite hostname="Amulyas-MacBook-Air.local" failures="0" tests="4" name="com.contest.tests.TelecomProjectTests" time="135.632" errors="0" timestamp="2024-07-14T18:44:55 GMT-07:00" skipped="0">
  <testcase classname="com.contest.tests.TelecomProjectTests" name="addTarrifPlanToCustomerTest" time="18.567"/>
  <testcase classname="com.contest.tests.TelecomProjectTests" name="payBillingTest" time="58.517"/>
  <testcase classname="com.contest.tests.TelecomProjectTests" name="addCustomerTest" time="32.397"/>
  <testcase classname="com.contest.tests.TelecomProjectTests" name="addTarrifPlanTest" time="26.151"/>
</testsuite> <!-- com.contest.tests.TelecomProjectTests -->
