<?xml version="1.0" encoding="UTF-8"?>
<!-- Generated by org.testng.reporters.JUnitReportReporter -->
<testsuite hostname="Amulyas-MacBook-Air.local" failures="0" tests="4" name="com.contest.tests.TelecomProjectTests" time="49.113" errors="0" timestamp="2025-02-03T01:36:17 GMT-08:00" skipped="0">
  <testcase classname="com.contest.tests.TelecomProjectTests" name="addTarrifPlanTest" time="15.738"/>
  <testcase classname="com.contest.tests.TelecomProjectTests" name="payBillingTest" time="11.038"/>
  <testcase classname="com.contest.tests.TelecomProjectTests" name="addCustomerTest" time="14.157"/>
  <testcase classname="com.contest.tests.TelecomProjectTests" name="addTarrifPlanToCustomerTest" time="8.180"/>
</testsuite> <!-- com.contest.tests.TelecomProjectTests -->
